{"/home/felipph/DEV/node-spb-lambda/lambda-spb-src/SPBProtocol.js": {"path":"/home/felipph/DEV/node-spb-lambda/lambda-spb-src/SPBProtocol.js","statementMap":{"0":{"start":{"line":1,"column":14},"end":{"line":1,"column":35}},"1":{"start":{"line":3,"column":18},"end":{"line":3,"column":49}},"2":{"start":{"line":5,"column":13},"end":{"line":5,"column":28}},"3":{"start":{"line":7,"column":11},"end":{"line":7,"column":24}},"4":{"start":{"line":9,"column":15},"end":{"line":9,"column":32}},"5":{"start":{"line":13,"column":0},"end":{"line":201,"column":1}},"6":{"start":{"line":15,"column":18},"end":{"line":15,"column":21}},"7":{"start":{"line":16,"column":25},"end":{"line":16,"column":27}},"8":{"start":{"line":17,"column":32},"end":{"line":17,"column":34}},"9":{"start":{"line":18,"column":18},"end":{"line":18,"column":21}},"10":{"start":{"line":19,"column":19},"end":{"line":19,"column":20}},"11":{"start":{"line":20,"column":16},"end":{"line":20,"column":31}},"12":{"start":{"line":24,"column":8},"end":{"line":24,"column":45}},"13":{"start":{"line":25,"column":8},"end":{"line":25,"column":41}},"14":{"start":{"line":26,"column":31},"end":{"line":26,"column":69}},"15":{"start":{"line":27,"column":29},"end":{"line":27,"column":65}},"16":{"start":{"line":28,"column":8},"end":{"line":28,"column":80}},"17":{"start":{"line":29,"column":8},"end":{"line":29,"column":78}},"18":{"start":{"line":31,"column":8},"end":{"line":31,"column":85}},"19":{"start":{"line":32,"column":8},"end":{"line":32,"column":80}},"20":{"start":{"line":36,"column":22},"end":{"line":36,"column":51}},"21":{"start":{"line":37,"column":18},"end":{"line":37,"column":61}},"22":{"start":{"line":38,"column":19},"end":{"line":38,"column":67}},"23":{"start":{"line":39,"column":23},"end":{"line":39,"column":54}},"24":{"start":{"line":40,"column":8},"end":{"line":40,"column":24}},"25":{"start":{"line":43,"column":22},"end":{"line":43,"column":51}},"26":{"start":{"line":44,"column":18},"end":{"line":44,"column":61}},"27":{"start":{"line":45,"column":19},"end":{"line":45,"column":79}},"28":{"start":{"line":46,"column":25},"end":{"line":46,"column":68}},"29":{"start":{"line":48,"column":8},"end":{"line":48,"column":26}},"30":{"start":{"line":52,"column":8},"end":{"line":52,"column":81}},"31":{"start":{"line":55,"column":8},"end":{"line":55,"column":82}},"32":{"start":{"line":60,"column":19},"end":{"line":60,"column":49}},"33":{"start":{"line":61,"column":8},"end":{"line":61,"column":47}},"34":{"start":{"line":62,"column":21},"end":{"line":62,"column":22}},"35":{"start":{"line":63,"column":8},"end":{"line":63,"column":40}},"36":{"start":{"line":64,"column":8},"end":{"line":64,"column":40}},"37":{"start":{"line":65,"column":8},"end":{"line":65,"column":40}},"38":{"start":{"line":66,"column":8},"end":{"line":66,"column":40}},"39":{"start":{"line":67,"column":8},"end":{"line":67,"column":40}},"40":{"start":{"line":68,"column":8},"end":{"line":68,"column":40}},"41":{"start":{"line":69,"column":8},"end":{"line":69,"column":40}},"42":{"start":{"line":70,"column":8},"end":{"line":70,"column":40}},"43":{"start":{"line":71,"column":8},"end":{"line":71,"column":40}},"44":{"start":{"line":72,"column":8},"end":{"line":72,"column":55}},"45":{"start":{"line":73,"column":8},"end":{"line":73,"column":29}},"46":{"start":{"line":74,"column":8},"end":{"line":74,"column":40}},"47":{"start":{"line":75,"column":8},"end":{"line":75,"column":55}},"48":{"start":{"line":76,"column":8},"end":{"line":76,"column":29}},"49":{"start":{"line":80,"column":17},"end":{"line":80,"column":39}},"50":{"start":{"line":81,"column":18},"end":{"line":81,"column":55}},"51":{"start":{"line":82,"column":23},"end":{"line":82,"column":41}},"52":{"start":{"line":86,"column":8},"end":{"line":86,"column":38}},"53":{"start":{"line":87,"column":24},"end":{"line":87,"column":58}},"54":{"start":{"line":89,"column":24},"end":{"line":89,"column":46}},"55":{"start":{"line":90,"column":27},"end":{"line":90,"column":76}},"56":{"start":{"line":96,"column":8},"end":{"line":96,"column":61}},"57":{"start":{"line":97,"column":8},"end":{"line":97,"column":43}},"58":{"start":{"line":99,"column":8},"end":{"line":99,"column":55}},"59":{"start":{"line":102,"column":23},"end":{"line":102,"column":71}},"60":{"start":{"line":103,"column":8},"end":{"line":103,"column":56}},"61":{"start":{"line":104,"column":8},"end":{"line":104,"column":66}},"62":{"start":{"line":105,"column":8},"end":{"line":105,"column":24}},"63":{"start":{"line":106,"column":24},"end":{"line":106,"column":61}},"64":{"start":{"line":111,"column":22},"end":{"line":111,"column":39}},"65":{"start":{"line":112,"column":26},"end":{"line":112,"column":48}},"66":{"start":{"line":114,"column":8},"end":{"line":114,"column":63}},"67":{"start":{"line":116,"column":8},"end":{"line":116,"column":25}},"68":{"start":{"line":121,"column":22},"end":{"line":121,"column":24}},"69":{"start":{"line":122,"column":21},"end":{"line":122,"column":22}},"70":{"start":{"line":123,"column":19},"end":{"line":123,"column":47}},"71":{"start":{"line":124,"column":27},"end":{"line":125,"column":71}},"72":{"start":{"line":126,"column":21},"end":{"line":126,"column":58}},"73":{"start":{"line":127,"column":18},"end":{"line":127,"column":42}},"74":{"start":{"line":128,"column":8},"end":{"line":128,"column":19}},"75":{"start":{"line":132,"column":22},"end":{"line":132,"column":47}},"76":{"start":{"line":133,"column":21},"end":{"line":133,"column":41}},"77":{"start":{"line":134,"column":21},"end":{"line":134,"column":22}},"78":{"start":{"line":135,"column":8},"end":{"line":135,"column":66}},"79":{"start":{"line":136,"column":8},"end":{"line":136,"column":78}},"80":{"start":{"line":137,"column":8},"end":{"line":137,"column":78}},"81":{"start":{"line":138,"column":8},"end":{"line":138,"column":78}},"82":{"start":{"line":139,"column":8},"end":{"line":139,"column":78}},"83":{"start":{"line":140,"column":8},"end":{"line":140,"column":78}},"84":{"start":{"line":141,"column":8},"end":{"line":141,"column":78}},"85":{"start":{"line":142,"column":8},"end":{"line":142,"column":78}},"86":{"start":{"line":143,"column":8},"end":{"line":143,"column":78}},"87":{"start":{"line":144,"column":8},"end":{"line":144,"column":79}},"88":{"start":{"line":145,"column":8},"end":{"line":145,"column":77}},"89":{"start":{"line":146,"column":8},"end":{"line":146,"column":29}},"90":{"start":{"line":147,"column":8},"end":{"line":147,"column":79}},"91":{"start":{"line":148,"column":8},"end":{"line":148,"column":77}},"92":{"start":{"line":149,"column":8},"end":{"line":149,"column":29}},"93":{"start":{"line":151,"column":42},"end":{"line":151,"column":75}},"94":{"start":{"line":153,"column":8},"end":{"line":153,"column":77}},"95":{"start":{"line":154,"column":8},"end":{"line":154,"column":30}},"96":{"start":{"line":156,"column":25},"end":{"line":156,"column":58}},"97":{"start":{"line":157,"column":8},"end":{"line":157,"column":60}},"98":{"start":{"line":158,"column":8},"end":{"line":158,"column":30}},"99":{"start":{"line":160,"column":22},"end":{"line":160,"column":52}},"100":{"start":{"line":162,"column":26},"end":{"line":162,"column":86}},"101":{"start":{"line":164,"column":8},"end":{"line":164,"column":54}},"102":{"start":{"line":166,"column":17},"end":{"line":166,"column":45}},"103":{"start":{"line":168,"column":23},"end":{"line":168,"column":75}},"104":{"start":{"line":169,"column":8},"end":{"line":169,"column":33}},"105":{"start":{"line":171,"column":25},"end":{"line":171,"column":64}},"106":{"start":{"line":173,"column":8},"end":{"line":173,"column":36}},"107":{"start":{"line":174,"column":21},"end":{"line":174,"column":38}},"108":{"start":{"line":175,"column":8},"end":{"line":179,"column":9}},"109":{"start":{"line":176,"column":12},"end":{"line":176,"column":97}},"110":{"start":{"line":178,"column":12},"end":{"line":178,"column":39}},"111":{"start":{"line":180,"column":22},"end":{"line":180,"column":56}},"112":{"start":{"line":182,"column":26},"end":{"line":182,"column":76}},"113":{"start":{"line":183,"column":8},"end":{"line":183,"column":39}},"114":{"start":{"line":184,"column":24},"end":{"line":184,"column":67}},"115":{"start":{"line":185,"column":8},"end":{"line":185,"column":44}},"116":{"start":{"line":187,"column":8},"end":{"line":187,"column":46}},"117":{"start":{"line":189,"column":8},"end":{"line":189,"column":77}},"118":{"start":{"line":198,"column":8},"end":{"line":198,"column":49}}},"fnMap":{"0":{"name":"(anonymous_0)","decl":{"start":{"line":23,"column":4},"end":{"line":23,"column":5}},"loc":{"start":{"line":23,"column":78},"end":{"line":33,"column":5}},"line":23},"1":{"name":"(anonymous_1)","decl":{"start":{"line":35,"column":4},"end":{"line":35,"column":5}},"loc":{"start":{"line":35,"column":37},"end":{"line":41,"column":5}},"line":35},"2":{"name":"(anonymous_2)","decl":{"start":{"line":42,"column":4},"end":{"line":42,"column":5}},"loc":{"start":{"line":42,"column":36},"end":{"line":49,"column":5}},"line":42},"3":{"name":"(anonymous_3)","decl":{"start":{"line":51,"column":4},"end":{"line":51,"column":5}},"loc":{"start":{"line":51,"column":20},"end":{"line":53,"column":5}},"line":51},"4":{"name":"(anonymous_4)","decl":{"start":{"line":54,"column":4},"end":{"line":54,"column":5}},"loc":{"start":{"line":54,"column":20},"end":{"line":56,"column":5}},"line":54},"5":{"name":"(anonymous_5)","decl":{"start":{"line":59,"column":4},"end":{"line":59,"column":5}},"loc":{"start":{"line":59,"column":21},"end":{"line":117,"column":5}},"line":59},"6":{"name":"(anonymous_6)","decl":{"start":{"line":119,"column":4},"end":{"line":119,"column":5}},"loc":{"start":{"line":119,"column":22},"end":{"line":129,"column":5}},"line":119},"7":{"name":"(anonymous_7)","decl":{"start":{"line":131,"column":4},"end":{"line":131,"column":5}},"loc":{"start":{"line":131,"column":31},"end":{"line":200,"column":5}},"line":131}},"branchMap":{"0":{"loc":{"start":{"line":175,"column":8},"end":{"line":179,"column":9}},"type":"if","locations":[{"start":{"line":175,"column":8},"end":{"line":179,"column":9}},{"start":{"line":177,"column":15},"end":{"line":179,"column":9}}],"line":175}},"s":{"0":1,"1":1,"2":1,"3":1,"4":1,"5":1,"6":1,"7":1,"8":1,"9":1,"10":1,"11":1,"12":1,"13":1,"14":1,"15":1,"16":1,"17":1,"18":1,"19":1,"20":2,"21":2,"22":2,"23":2,"24":2,"25":2,"26":2,"27":2,"28":2,"29":2,"30":0,"31":0,"32":0,"33":0,"34":0,"35":0,"36":0,"37":0,"38":0,"39":0,"40":0,"41":0,"42":0,"43":0,"44":0,"45":0,"46":0,"47":0,"48":0,"49":0,"50":0,"51":0,"52":0,"53":0,"54":0,"55":0,"56":0,"57":0,"58":0,"59":0,"60":0,"61":0,"62":0,"63":0,"64":0,"65":0,"66":0,"67":0,"68":0,"69":0,"70":0,"71":0,"72":0,"73":0,"74":0,"75":1,"76":1,"77":1,"78":1,"79":1,"80":1,"81":1,"82":1,"83":1,"84":1,"85":1,"86":1,"87":1,"88":1,"89":1,"90":1,"91":1,"92":1,"93":1,"94":1,"95":1,"96":1,"97":1,"98":1,"99":1,"100":1,"101":1,"102":1,"103":1,"104":1,"105":1,"106":1,"107":1,"108":1,"109":1,"110":0,"111":1,"112":1,"113":1,"114":1,"115":1,"116":1,"117":1,"118":1},"f":{"0":1,"1":2,"2":2,"3":0,"4":0,"5":0,"6":0,"7":1},"b":{"0":[1,0]},"_coverageSchema":"1a1c01bbd47fc00a2c39e90264f33305004495a9","hash":"dc45da504f963ce2736107bebad93ba161998fcb"}
,"/home/felipph/DEV/node-spb-lambda/lambda-spb-src/utils/FileUtils.js": {"path":"/home/felipph/DEV/node-spb-lambda/lambda-spb-src/utils/FileUtils.js","statementMap":{"0":{"start":{"line":1,"column":9},"end":{"line":1,"column":22}},"1":{"start":{"line":4,"column":0},"end":{"line":8,"column":1}},"2":{"start":{"line":6,"column":8},"end":{"line":6,"column":51}}},"fnMap":{"0":{"name":"(anonymous_0)","decl":{"start":{"line":5,"column":4},"end":{"line":5,"column":5}},"loc":{"start":{"line":5,"column":21},"end":{"line":7,"column":5}},"line":5}},"branchMap":{},"s":{"0":1,"1":1,"2":2},"f":{"0":2},"b":{},"_coverageSchema":"1a1c01bbd47fc00a2c39e90264f33305004495a9","hash":"5dda131f64e3d7f053da17bc88d356d542018e69"}
}
