{"/home/felipph/DEV/node-spb-lambda/lambda-spb-src/SPBProtocol.js": {"path":"/home/felipph/DEV/node-spb-lambda/lambda-spb-src/SPBProtocol.js","statementMap":{"0":{"start":{"line":1,"column":14},"end":{"line":1,"column":35}},"1":{"start":{"line":3,"column":18},"end":{"line":3,"column":49}},"2":{"start":{"line":5,"column":13},"end":{"line":5,"column":28}},"3":{"start":{"line":7,"column":11},"end":{"line":7,"column":24}},"4":{"start":{"line":11,"column":0},"end":{"line":132,"column":1}},"5":{"start":{"line":13,"column":18},"end":{"line":13,"column":21}},"6":{"start":{"line":14,"column":25},"end":{"line":14,"column":27}},"7":{"start":{"line":15,"column":32},"end":{"line":15,"column":34}},"8":{"start":{"line":16,"column":18},"end":{"line":16,"column":21}},"9":{"start":{"line":17,"column":19},"end":{"line":17,"column":20}},"10":{"start":{"line":18,"column":16},"end":{"line":18,"column":31}},"11":{"start":{"line":22,"column":8},"end":{"line":22,"column":45}},"12":{"start":{"line":23,"column":8},"end":{"line":23,"column":41}},"13":{"start":{"line":24,"column":31},"end":{"line":24,"column":69}},"14":{"start":{"line":25,"column":29},"end":{"line":25,"column":65}},"15":{"start":{"line":26,"column":8},"end":{"line":26,"column":80}},"16":{"start":{"line":27,"column":8},"end":{"line":27,"column":78}},"17":{"start":{"line":29,"column":8},"end":{"line":29,"column":85}},"18":{"start":{"line":30,"column":8},"end":{"line":30,"column":80}},"19":{"start":{"line":34,"column":22},"end":{"line":34,"column":51}},"20":{"start":{"line":35,"column":18},"end":{"line":35,"column":61}},"21":{"start":{"line":36,"column":19},"end":{"line":36,"column":67}},"22":{"start":{"line":37,"column":23},"end":{"line":37,"column":54}},"23":{"start":{"line":38,"column":8},"end":{"line":38,"column":24}},"24":{"start":{"line":41,"column":22},"end":{"line":41,"column":51}},"25":{"start":{"line":42,"column":18},"end":{"line":42,"column":61}},"26":{"start":{"line":43,"column":19},"end":{"line":43,"column":79}},"27":{"start":{"line":44,"column":25},"end":{"line":44,"column":68}},"28":{"start":{"line":46,"column":8},"end":{"line":46,"column":26}},"29":{"start":{"line":50,"column":8},"end":{"line":50,"column":81}},"30":{"start":{"line":53,"column":8},"end":{"line":53,"column":82}},"31":{"start":{"line":58,"column":19},"end":{"line":58,"column":49}},"32":{"start":{"line":59,"column":8},"end":{"line":59,"column":47}},"33":{"start":{"line":60,"column":21},"end":{"line":60,"column":22}},"34":{"start":{"line":61,"column":8},"end":{"line":61,"column":40}},"35":{"start":{"line":62,"column":8},"end":{"line":62,"column":40}},"36":{"start":{"line":63,"column":8},"end":{"line":63,"column":40}},"37":{"start":{"line":64,"column":8},"end":{"line":64,"column":40}},"38":{"start":{"line":65,"column":8},"end":{"line":65,"column":40}},"39":{"start":{"line":66,"column":8},"end":{"line":66,"column":40}},"40":{"start":{"line":67,"column":8},"end":{"line":67,"column":40}},"41":{"start":{"line":68,"column":8},"end":{"line":68,"column":40}},"42":{"start":{"line":69,"column":8},"end":{"line":69,"column":40}},"43":{"start":{"line":70,"column":8},"end":{"line":70,"column":55}},"44":{"start":{"line":71,"column":8},"end":{"line":71,"column":29}},"45":{"start":{"line":72,"column":8},"end":{"line":72,"column":40}},"46":{"start":{"line":73,"column":8},"end":{"line":73,"column":55}},"47":{"start":{"line":74,"column":8},"end":{"line":74,"column":29}},"48":{"start":{"line":78,"column":17},"end":{"line":78,"column":39}},"49":{"start":{"line":79,"column":18},"end":{"line":79,"column":55}},"50":{"start":{"line":80,"column":23},"end":{"line":80,"column":41}},"51":{"start":{"line":84,"column":8},"end":{"line":84,"column":38}},"52":{"start":{"line":85,"column":24},"end":{"line":85,"column":58}},"53":{"start":{"line":87,"column":24},"end":{"line":87,"column":46}},"54":{"start":{"line":88,"column":27},"end":{"line":88,"column":76}},"55":{"start":{"line":94,"column":8},"end":{"line":94,"column":61}},"56":{"start":{"line":95,"column":8},"end":{"line":95,"column":43}},"57":{"start":{"line":97,"column":8},"end":{"line":97,"column":55}},"58":{"start":{"line":100,"column":23},"end":{"line":100,"column":71}},"59":{"start":{"line":101,"column":8},"end":{"line":101,"column":56}},"60":{"start":{"line":102,"column":8},"end":{"line":102,"column":66}},"61":{"start":{"line":103,"column":8},"end":{"line":103,"column":24}},"62":{"start":{"line":104,"column":24},"end":{"line":104,"column":61}},"63":{"start":{"line":109,"column":22},"end":{"line":109,"column":39}},"64":{"start":{"line":110,"column":26},"end":{"line":110,"column":48}},"65":{"start":{"line":112,"column":8},"end":{"line":112,"column":63}},"66":{"start":{"line":114,"column":8},"end":{"line":114,"column":25}},"67":{"start":{"line":120,"column":22},"end":{"line":120,"column":24}},"68":{"start":{"line":121,"column":21},"end":{"line":121,"column":22}},"69":{"start":{"line":122,"column":19},"end":{"line":122,"column":47}},"70":{"start":{"line":123,"column":27},"end":{"line":124,"column":71}},"71":{"start":{"line":125,"column":21},"end":{"line":125,"column":58}},"72":{"start":{"line":126,"column":18},"end":{"line":126,"column":42}},"73":{"start":{"line":127,"column":8},"end":{"line":127,"column":19}}},"fnMap":{"0":{"name":"(anonymous_0)","decl":{"start":{"line":21,"column":4},"end":{"line":21,"column":5}},"loc":{"start":{"line":21,"column":78},"end":{"line":31,"column":5}},"line":21},"1":{"name":"(anonymous_1)","decl":{"start":{"line":33,"column":4},"end":{"line":33,"column":5}},"loc":{"start":{"line":33,"column":37},"end":{"line":39,"column":5}},"line":33},"2":{"name":"(anonymous_2)","decl":{"start":{"line":40,"column":4},"end":{"line":40,"column":5}},"loc":{"start":{"line":40,"column":36},"end":{"line":47,"column":5}},"line":40},"3":{"name":"(anonymous_3)","decl":{"start":{"line":49,"column":4},"end":{"line":49,"column":5}},"loc":{"start":{"line":49,"column":20},"end":{"line":51,"column":5}},"line":49},"4":{"name":"(anonymous_4)","decl":{"start":{"line":52,"column":4},"end":{"line":52,"column":5}},"loc":{"start":{"line":52,"column":20},"end":{"line":54,"column":5}},"line":52},"5":{"name":"(anonymous_5)","decl":{"start":{"line":57,"column":4},"end":{"line":57,"column":5}},"loc":{"start":{"line":57,"column":21},"end":{"line":115,"column":5}},"line":57},"6":{"name":"(anonymous_6)","decl":{"start":{"line":117,"column":4},"end":{"line":117,"column":5}},"loc":{"start":{"line":117,"column":22},"end":{"line":128,"column":5}},"line":117}},"branchMap":{},"s":{"0":1,"1":1,"2":1,"3":1,"4":1,"5":1,"6":1,"7":1,"8":1,"9":1,"10":1,"11":1,"12":1,"13":1,"14":1,"15":1,"16":1,"17":1,"18":1,"19":2,"20":2,"21":2,"22":2,"23":2,"24":2,"25":2,"26":2,"27":2,"28":2,"29":1,"30":1,"31":1,"32":1,"33":1,"34":1,"35":1,"36":1,"37":1,"38":1,"39":1,"40":1,"41":1,"42":1,"43":1,"44":1,"45":1,"46":1,"47":1,"48":1,"49":1,"50":1,"51":1,"52":1,"53":1,"54":1,"55":1,"56":1,"57":1,"58":1,"59":1,"60":1,"61":1,"62":1,"63":1,"64":1,"65":1,"66":1,"67":1,"68":1,"69":1,"70":1,"71":1,"72":1,"73":1},"f":{"0":1,"1":2,"2":2,"3":1,"4":1,"5":1,"6":1},"b":{},"_coverageSchema":"1a1c01bbd47fc00a2c39e90264f33305004495a9","hash":"44d40f517eb59d94002d2fb181c99cf4532ecc4a"}
,"/home/felipph/DEV/node-spb-lambda/lambda-spb-src/utils/FileUtils.js": {"path":"/home/felipph/DEV/node-spb-lambda/lambda-spb-src/utils/FileUtils.js","statementMap":{"0":{"start":{"line":1,"column":9},"end":{"line":1,"column":22}},"1":{"start":{"line":4,"column":0},"end":{"line":8,"column":1}},"2":{"start":{"line":6,"column":8},"end":{"line":6,"column":51}}},"fnMap":{"0":{"name":"(anonymous_0)","decl":{"start":{"line":5,"column":4},"end":{"line":5,"column":5}},"loc":{"start":{"line":5,"column":21},"end":{"line":7,"column":5}},"line":5}},"branchMap":{},"s":{"0":1,"1":1,"2":3},"f":{"0":3},"b":{},"_coverageSchema":"1a1c01bbd47fc00a2c39e90264f33305004495a9","hash":"5dda131f64e3d7f053da17bc88d356d542018e69"}
}
